<?xml version="1.0" encoding="UTF-8"?>
<!-- Generated by org.testng.reporters.JUnitXMLReporter -->
<testsuite ignored="0" hostname="DESKTOP-D9VATQP" failures="3" tests="14" name="Automation Test" time="98.948" errors="0" timestamp="2021-12-31T22:49:23 IST">
  <testcase classname="com.apw.testCases.NavigateToMultiplePages" name="navigateToWomenPage" time="3.228"/>
  <testcase classname="com.apw.testCases.NavigateToMultiplePages" name="navigateToDressesPage" time="2.585"/>
  <testcase classname="com.apw.testCases.NavigateToMultiplePages" name="navigateToTshirtPage" time="2.169"/>
  <testcase classname="com.apw.testCases.NavigateToMultiplePages" name="navigateToHomePage" time="4.022"/>
  <testcase classname="com.apw.testCases.VerificationOfHeaderAndFooter" name="homePageTitleVerification" time="0.017"/>
  <testcase classname="com.apw.testCases.VerificationOfHeaderAndFooter" name="homePageSignInBtnVerification" time="0.069"/>
  <testcase classname="com.apw.testCases.VerificationOfHeaderAndFooter" name="homePageHeaderLogoVerification" time="0.053"/>
  <testcase classname="com.apw.testCases.VerificationOfHeaderAndFooter" name="homePageNewsLetterTextVerification" time="0.048"/>
  <testcase classname="com.apw.testCases.VerificationOfHeaderAndFooter" name="homePageTwitterLogoVerification" time="0.043"/>
  <testcase classname="com.apw.testCases.AutomateWomenDressesSummerDressesListingPage" name="verifySorting" time="7.338"/>
  <testcase classname="com.apw.testCases.AutomateWomenDressesSummerDressesListingPage" name="verifyFilters" time="8.22">
    <failure type="java.lang.AssertionError" message="expected [true] but found [false]">
      <![CDATA[java.lang.AssertionError: expected [true] but found [false]
at com.apw.testCases.AutomateWomenDressesSummerDressesListingPage.verifyFilters(AutomateWomenDressesSummerDressesListingPage.java:65)
at java.base/java.util.ArrayList.forEach(ArrayList.java:1511)
... Removed 31 stack frames]]>
    </failure>
  </testcase> <!-- verifyFilters -->
  <testcase classname="com.apw.testCases.VerifyDefaultSortingResults" name="verifyDefaultSortingResultsProductPrice" time="4.086">
    <failure type="java.lang.AssertionError" message="expected [true] but found [false]">
      <![CDATA[java.lang.AssertionError: expected [true] but found [false]
at com.apw.testCases.VerifyDefaultSortingResults.verifyDefaultSortingResultsProductPrice(VerifyDefaultSortingResults.java:56)
at java.base/java.util.ArrayList.forEach(ArrayList.java:1511)
... Removed 31 stack frames]]>
    </failure>
  </testcase> <!-- verifyDefaultSortingResultsProductPrice -->
  <testcase classname="com.apw.testCases.VerifyDefaultSortingResults" name="verifyDefaultSortingResultsProductName" time="2.377">
    <failure type="java.lang.AssertionError" message="expected [true] but found [false]">
      <![CDATA[java.lang.AssertionError: expected [true] but found [false]
at com.apw.testCases.VerifyDefaultSortingResults.verifyDefaultSortingResultsProductName(VerifyDefaultSortingResults.java:97)
at java.base/java.util.ArrayList.forEach(ArrayList.java:1511)
... Removed 31 stack frames]]>
    </failure>
  </testcase> <!-- verifyDefaultSortingResultsProductName -->
  <testcase classname="com.apw.testCases.CheckoutJourney" name="checkoutJourney" time="27.808"/>
</testsuite> <!-- Automation Test -->
