<html>
<head>
<title>TestNG:  Automation Test</title>
<link href="../testng.css" rel="stylesheet" type="text/css" />
<link href="../my-testng.css" rel="stylesheet" type="text/css" />

<style type="text/css">
.log { display: none;} 
.stack-trace { display: none;} 
</style>
<script type="text/javascript">
<!--
function flip(e) {
  current = e.style.display;
  if (current == 'block') {
    e.style.display = 'none';
    return 0;
  }
  else {
    e.style.display = 'block';
    return 1;
  }
}

function toggleBox(szDivId, elem, msg1, msg2)
{
  var res = -1;  if (document.getElementById) {
    res = flip(document.getElementById(szDivId));
  }
  else if (document.all) {
    // this is the way old msie versions work
    res = flip(document.all[szDivId]);
  }
  if(elem) {
    if(res == 0) elem.innerHTML = msg1; else elem.innerHTML = msg2;
  }

}

function toggleAllBoxes() {
  if (document.getElementsByTagName) {
    d = document.getElementsByTagName('div');
    for (i = 0; i < d.length; i++) {
      if (d[i].className == 'log') {
        flip(d[i]);
      }
    }
  }
}

// -->
</script>

</head>
<body>
<h2 align='center'>Automation Test</h2><table border='1' align="center">
<tr>
<td>Tests passed/Failed/Skipped:</td><td>11/3/0</td>
</tr><tr>
<td>Started on:</td><td>Fri Dec 31 22:47:44 IST 2021</td>
</tr>
<tr><td>Total time:</td><td>98 seconds (98948 ms)</td>
</tr><tr>
<td>Included groups:</td><td></td>
</tr><tr>
<td>Excluded groups:</td><td></td>
</tr>
</table><p/>
<small><i>(Hover the method name to see the test class name)</i></small><p/>
<table width='100%' border='1' class='invocation-failed'>
<tr><td colspan='4' align='center'><b>FAILED TESTS</b></td></tr>
<tr><td><b>Test method</b></td>
<td width="30%"><b>Exception</b></td>
<td width="10%"><b>Time (seconds)</b></td>
<td><b>Instance</b></td>
</tr>
<tr>
<td title='com.apw.testCases.VerifyDefaultSortingResults.verifyDefaultSortingResultsProductPrice()'><b>verifyDefaultSortingResultsProductPrice</b><br>Test class: com.apw.testCases.VerifyDefaultSortingResults</td>
<td><div><pre>java.lang.AssertionError: expected [true] but found [false]
	at com.apw.testCases.VerifyDefaultSortingResults.verifyDefaultSortingResultsProductPrice(VerifyDefaultSortingResults.java:56)
	at java.base/java.util.ArrayList.forEach(ArrayList.java:1511)
... Removed 31 stack frames</pre></div><a href='#' onClick='toggleBox("stack-trace1850680894", this, "Click to show all stack frames", "Click to hide stack frames")'>Click to show all stack frames</a>
<div class='stack-trace' id='stack-trace1850680894'><pre>java.lang.AssertionError: expected [true] but found [false]
	at org.testng.Assert.fail(Assert.java:99)
	at org.testng.Assert.failNotEquals(Assert.java:1037)
	at org.testng.Assert.assertTrue(Assert.java:45)
	at org.testng.Assert.assertTrue(Assert.java:55)
	at com.apw.testCases.VerifyDefaultSortingResults.verifyDefaultSortingResultsProductPrice(VerifyDefaultSortingResults.java:56)
	at java.base/jdk.internal.reflect.NativeMethodAccessorImpl.invoke0(Native Method)
	at java.base/jdk.internal.reflect.NativeMethodAccessorImpl.invoke(NativeMethodAccessorImpl.java:77)
	at java.base/jdk.internal.reflect.DelegatingMethodAccessorImpl.invoke(DelegatingMethodAccessorImpl.java:43)
	at java.base/java.lang.reflect.Method.invoke(Method.java:568)
	at org.testng.internal.MethodInvocationHelper.invokeMethod(MethodInvocationHelper.java:133)
	at org.testng.internal.TestInvoker.invokeMethod(TestInvoker.java:598)
	at org.testng.internal.TestInvoker.invokeTestMethod(TestInvoker.java:173)
	at org.testng.internal.MethodRunner.runInSequence(MethodRunner.java:46)
	at org.testng.internal.TestInvoker$MethodInvocationAgent.invoke(TestInvoker.java:824)
	at org.testng.internal.TestInvoker.invokeTestMethods(TestInvoker.java:146)
	at org.testng.internal.TestMethodWorker.invokeTestMethods(TestMethodWorker.java:146)
	at org.testng.internal.TestMethodWorker.run(TestMethodWorker.java:128)
	at java.base/java.util.ArrayList.forEach(ArrayList.java:1511)
	at org.testng.TestRunner.privateRun(TestRunner.java:794)
	at org.testng.TestRunner.run(TestRunner.java:596)
	at org.testng.SuiteRunner.runTest(SuiteRunner.java:377)
	at org.testng.SuiteRunner.runSequentially(SuiteRunner.java:371)
	at org.testng.SuiteRunner.privateRun(SuiteRunner.java:332)
	at org.testng.SuiteRunner.run(SuiteRunner.java:276)
	at org.testng.SuiteRunnerWorker.runSuite(SuiteRunnerWorker.java:53)
	at org.testng.SuiteRunnerWorker.run(SuiteRunnerWorker.java:96)
	at org.testng.TestNG.runSuitesSequentially(TestNG.java:1212)
	at org.testng.TestNG.runSuitesLocally(TestNG.java:1134)
	at org.testng.TestNG.runSuites(TestNG.java:1063)
	at org.testng.TestNG.run(TestNG.java:1031)
	at org.testng.remote.AbstractRemoteTestNG.run(AbstractRemoteTestNG.java:115)
	at org.testng.remote.RemoteTestNG.initAndRun(RemoteTestNG.java:251)
	at org.testng.remote.RemoteTestNG.main(RemoteTestNG.java:77)
</pre></div></td>
<td>4</td>
<td>com.apw.testCases.VerifyDefaultSortingResults@351d00c0</td></tr>
<tr>
<td title='com.apw.testCases.AutomateWomenDressesSummerDressesListingPage.verifyFilters()'><b>verifyFilters</b><br>Test class: com.apw.testCases.AutomateWomenDressesSummerDressesListingPage</td>
<td><div><pre>java.lang.AssertionError: expected [true] but found [false]
	at com.apw.testCases.AutomateWomenDressesSummerDressesListingPage.verifyFilters(AutomateWomenDressesSummerDressesListingPage.java:65)
	at java.base/java.util.ArrayList.forEach(ArrayList.java:1511)
... Removed 31 stack frames</pre></div><a href='#' onClick='toggleBox("stack-trace1254649194", this, "Click to show all stack frames", "Click to hide stack frames")'>Click to show all stack frames</a>
<div class='stack-trace' id='stack-trace1254649194'><pre>java.lang.AssertionError: expected [true] but found [false]
	at org.testng.Assert.fail(Assert.java:99)
	at org.testng.Assert.failNotEquals(Assert.java:1037)
	at org.testng.Assert.assertTrue(Assert.java:45)
	at org.testng.Assert.assertTrue(Assert.java:55)
	at com.apw.testCases.AutomateWomenDressesSummerDressesListingPage.verifyFilters(AutomateWomenDressesSummerDressesListingPage.java:65)
	at java.base/jdk.internal.reflect.NativeMethodAccessorImpl.invoke0(Native Method)
	at java.base/jdk.internal.reflect.NativeMethodAccessorImpl.invoke(NativeMethodAccessorImpl.java:77)
	at java.base/jdk.internal.reflect.DelegatingMethodAccessorImpl.invoke(DelegatingMethodAccessorImpl.java:43)
	at java.base/java.lang.reflect.Method.invoke(Method.java:568)
	at org.testng.internal.MethodInvocationHelper.invokeMethod(MethodInvocationHelper.java:133)
	at org.testng.internal.TestInvoker.invokeMethod(TestInvoker.java:598)
	at org.testng.internal.TestInvoker.invokeTestMethod(TestInvoker.java:173)
	at org.testng.internal.MethodRunner.runInSequence(MethodRunner.java:46)
	at org.testng.internal.TestInvoker$MethodInvocationAgent.invoke(TestInvoker.java:824)
	at org.testng.internal.TestInvoker.invokeTestMethods(TestInvoker.java:146)
	at org.testng.internal.TestMethodWorker.invokeTestMethods(TestMethodWorker.java:146)
	at org.testng.internal.TestMethodWorker.run(TestMethodWorker.java:128)
	at java.base/java.util.ArrayList.forEach(ArrayList.java:1511)
	at org.testng.TestRunner.privateRun(TestRunner.java:794)
	at org.testng.TestRunner.run(TestRunner.java:596)
	at org.testng.SuiteRunner.runTest(SuiteRunner.java:377)
	at org.testng.SuiteRunner.runSequentially(SuiteRunner.java:371)
	at org.testng.SuiteRunner.privateRun(SuiteRunner.java:332)
	at org.testng.SuiteRunner.run(SuiteRunner.java:276)
	at org.testng.SuiteRunnerWorker.runSuite(SuiteRunnerWorker.java:53)
	at org.testng.SuiteRunnerWorker.run(SuiteRunnerWorker.java:96)
	at org.testng.TestNG.runSuitesSequentially(TestNG.java:1212)
	at org.testng.TestNG.runSuitesLocally(TestNG.java:1134)
	at org.testng.TestNG.runSuites(TestNG.java:1063)
	at org.testng.TestNG.run(TestNG.java:1031)
	at org.testng.remote.AbstractRemoteTestNG.run(AbstractRemoteTestNG.java:115)
	at org.testng.remote.RemoteTestNG.initAndRun(RemoteTestNG.java:251)
	at org.testng.remote.RemoteTestNG.main(RemoteTestNG.java:77)
</pre></div></td>
<td>8</td>
<td>com.apw.testCases.AutomateWomenDressesSummerDressesListingPage@49e53c76</td></tr>
<tr>
<td title='com.apw.testCases.VerifyDefaultSortingResults.verifyDefaultSortingResultsProductName()'><b>verifyDefaultSortingResultsProductName</b><br>Test class: com.apw.testCases.VerifyDefaultSortingResults</td>
<td><div><pre>java.lang.AssertionError: expected [true] but found [false]
	at com.apw.testCases.VerifyDefaultSortingResults.verifyDefaultSortingResultsProductName(VerifyDefaultSortingResults.java:97)
	at java.base/java.util.ArrayList.forEach(ArrayList.java:1511)
... Removed 31 stack frames</pre></div><a href='#' onClick='toggleBox("stack-trace646757254", this, "Click to show all stack frames", "Click to hide stack frames")'>Click to show all stack frames</a>
<div class='stack-trace' id='stack-trace646757254'><pre>java.lang.AssertionError: expected [true] but found [false]
	at org.testng.Assert.fail(Assert.java:99)
	at org.testng.Assert.failNotEquals(Assert.java:1037)
	at org.testng.Assert.assertTrue(Assert.java:45)
	at org.testng.Assert.assertTrue(Assert.java:55)
	at com.apw.testCases.VerifyDefaultSortingResults.verifyDefaultSortingResultsProductName(VerifyDefaultSortingResults.java:97)
	at java.base/jdk.internal.reflect.NativeMethodAccessorImpl.invoke0(Native Method)
	at java.base/jdk.internal.reflect.NativeMethodAccessorImpl.invoke(NativeMethodAccessorImpl.java:77)
	at java.base/jdk.internal.reflect.DelegatingMethodAccessorImpl.invoke(DelegatingMethodAccessorImpl.java:43)
	at java.base/java.lang.reflect.Method.invoke(Method.java:568)
	at org.testng.internal.MethodInvocationHelper.invokeMethod(MethodInvocationHelper.java:133)
	at org.testng.internal.TestInvoker.invokeMethod(TestInvoker.java:598)
	at org.testng.internal.TestInvoker.invokeTestMethod(TestInvoker.java:173)
	at org.testng.internal.MethodRunner.runInSequence(MethodRunner.java:46)
	at org.testng.internal.TestInvoker$MethodInvocationAgent.invoke(TestInvoker.java:824)
	at org.testng.internal.TestInvoker.invokeTestMethods(TestInvoker.java:146)
	at org.testng.internal.TestMethodWorker.invokeTestMethods(TestMethodWorker.java:146)
	at org.testng.internal.TestMethodWorker.run(TestMethodWorker.java:128)
	at java.base/java.util.ArrayList.forEach(ArrayList.java:1511)
	at org.testng.TestRunner.privateRun(TestRunner.java:794)
	at org.testng.TestRunner.run(TestRunner.java:596)
	at org.testng.SuiteRunner.runTest(SuiteRunner.java:377)
	at org.testng.SuiteRunner.runSequentially(SuiteRunner.java:371)
	at org.testng.SuiteRunner.privateRun(SuiteRunner.java:332)
	at org.testng.SuiteRunner.run(SuiteRunner.java:276)
	at org.testng.SuiteRunnerWorker.runSuite(SuiteRunnerWorker.java:53)
	at org.testng.SuiteRunnerWorker.run(SuiteRunnerWorker.java:96)
	at org.testng.TestNG.runSuitesSequentially(TestNG.java:1212)
	at org.testng.TestNG.runSuitesLocally(TestNG.java:1134)
	at org.testng.TestNG.runSuites(TestNG.java:1063)
	at org.testng.TestNG.run(TestNG.java:1031)
	at org.testng.remote.AbstractRemoteTestNG.run(AbstractRemoteTestNG.java:115)
	at org.testng.remote.RemoteTestNG.initAndRun(RemoteTestNG.java:251)
	at org.testng.remote.RemoteTestNG.main(RemoteTestNG.java:77)
</pre></div></td>
<td>2</td>
<td>com.apw.testCases.VerifyDefaultSortingResults@351d00c0</td></tr>
</table><p>
<table width='100%' border='1' class='invocation-passed'>
<tr><td colspan='4' align='center'><b>PASSED TESTS</b></td></tr>
<tr><td><b>Test method</b></td>
<td width="30%"><b>Exception</b></td>
<td width="10%"><b>Time (seconds)</b></td>
<td><b>Instance</b></td>
</tr>
<tr>
<td title='com.apw.testCases.NavigateToMultiplePages.navigateToDressesPage()'><b>navigateToDressesPage</b><br>Test class: com.apw.testCases.NavigateToMultiplePages</td>
<td></td>
<td>2</td>
<td>com.apw.testCases.NavigateToMultiplePages@7d8995e</td></tr>
<tr>
<td title='com.apw.testCases.VerificationOfHeaderAndFooter.homePageTitleVerification()'><b>homePageTitleVerification</b><br>Test class: com.apw.testCases.VerificationOfHeaderAndFooter</td>
<td></td>
<td>0</td>
<td>com.apw.testCases.VerificationOfHeaderAndFooter@38d8f54a</td></tr>
<tr>
<td title='com.apw.testCases.NavigateToMultiplePages.navigateToHomePage()'><b>navigateToHomePage</b><br>Test class: com.apw.testCases.NavigateToMultiplePages</td>
<td></td>
<td>4</td>
<td>com.apw.testCases.NavigateToMultiplePages@7d8995e</td></tr>
<tr>
<td title='com.apw.testCases.VerificationOfHeaderAndFooter.homePageSignInBtnVerification()'><b>homePageSignInBtnVerification</b><br>Test class: com.apw.testCases.VerificationOfHeaderAndFooter</td>
<td></td>
<td>0</td>
<td>com.apw.testCases.VerificationOfHeaderAndFooter@38d8f54a</td></tr>
<tr>
<td title='com.apw.testCases.VerificationOfHeaderAndFooter.homePageHeaderLogoVerification()'><b>homePageHeaderLogoVerification</b><br>Test class: com.apw.testCases.VerificationOfHeaderAndFooter</td>
<td></td>
<td>0</td>
<td>com.apw.testCases.VerificationOfHeaderAndFooter@38d8f54a</td></tr>
<tr>
<td title='com.apw.testCases.VerificationOfHeaderAndFooter.homePageNewsLetterTextVerification()'><b>homePageNewsLetterTextVerification</b><br>Test class: com.apw.testCases.VerificationOfHeaderAndFooter</td>
<td></td>
<td>0</td>
<td>com.apw.testCases.VerificationOfHeaderAndFooter@38d8f54a</td></tr>
<tr>
<td title='com.apw.testCases.VerificationOfHeaderAndFooter.homePageTwitterLogoVerification()'><b>homePageTwitterLogoVerification</b><br>Test class: com.apw.testCases.VerificationOfHeaderAndFooter</td>
<td></td>
<td>0</td>
<td>com.apw.testCases.VerificationOfHeaderAndFooter@38d8f54a</td></tr>
<tr>
<td title='com.apw.testCases.AutomateWomenDressesSummerDressesListingPage.verifySorting()'><b>verifySorting</b><br>Test class: com.apw.testCases.AutomateWomenDressesSummerDressesListingPage</td>
<td></td>
<td>7</td>
<td>com.apw.testCases.AutomateWomenDressesSummerDressesListingPage@49e53c76</td></tr>
<tr>
<td title='com.apw.testCases.CheckoutJourney.checkoutJourney()'><b>checkoutJourney</b><br>Test class: com.apw.testCases.CheckoutJourney</td>
<td></td>
<td>27</td>
<td>com.apw.testCases.CheckoutJourney@2a3b5b47</td></tr>
<tr>
<td title='com.apw.testCases.NavigateToMultiplePages.navigateToWomenPage()'><b>navigateToWomenPage</b><br>Test class: com.apw.testCases.NavigateToMultiplePages</td>
<td></td>
<td>3</td>
<td>com.apw.testCases.NavigateToMultiplePages@7d8995e</td></tr>
<tr>
<td title='com.apw.testCases.NavigateToMultiplePages.navigateToTshirtPage()'><b>navigateToTshirtPage</b><br>Test class: com.apw.testCases.NavigateToMultiplePages</td>
<td></td>
<td>2</td>
<td>com.apw.testCases.NavigateToMultiplePages@7d8995e</td></tr>
</table><p>
</body>
</html>