<?xml version="1.0" encoding="UTF-8"?>
<testng-results ignored="0" total="14" passed="11" failed="3" skipped="0">
  <reporter-output>
  </reporter-output>
  <suite started-at="2021-12-31T22:47:44 IST" name="Automation Practice Website" finished-at="2021-12-31T22:49:23 IST" duration-ms="98948">
    <groups>
    </groups>
    <test started-at="2021-12-31T22:47:44 IST" name="Automation Test" finished-at="2021-12-31T22:49:23 IST" duration-ms="98948">
      <class name="com.apw.testCases.NavigateToMultiplePages">
        <test-method is-config="true" signature="setup(java.lang.String)[pri:0, instance:com.apw.testCases.NavigateToMultiplePages@7d8995e]" started-at="2021-12-31T22:47:44 IST" name="setup" finished-at="2021-12-31T22:47:53 IST" duration-ms="8766" status="PASS">
          <params>
            <param index="0">
              <value>
                <![CDATA[chrome]]>
              </value>
            </param>
          </params>
          <reporter-output>
          </reporter-output>
        </test-method> <!-- setup -->
        <test-method signature="navigateToWomenPage()[pri:1, instance:com.apw.testCases.NavigateToMultiplePages@7d8995e]" started-at="2021-12-31T22:47:53 IST" name="navigateToWomenPage" finished-at="2021-12-31T22:47:56 IST" duration-ms="3228" status="PASS">
          <reporter-output>
          </reporter-output>
        </test-method> <!-- navigateToWomenPage -->
        <test-method signature="navigateToDressesPage()[pri:2, instance:com.apw.testCases.NavigateToMultiplePages@7d8995e]" started-at="2021-12-31T22:47:56 IST" name="navigateToDressesPage" finished-at="2021-12-31T22:47:59 IST" duration-ms="2585" status="PASS">
          <reporter-output>
          </reporter-output>
        </test-method> <!-- navigateToDressesPage -->
        <test-method signature="navigateToTshirtPage()[pri:3, instance:com.apw.testCases.NavigateToMultiplePages@7d8995e]" started-at="2021-12-31T22:47:59 IST" name="navigateToTshirtPage" finished-at="2021-12-31T22:48:01 IST" duration-ms="2169" status="PASS">
          <reporter-output>
          </reporter-output>
        </test-method> <!-- navigateToTshirtPage -->
        <test-method signature="navigateToHomePage()[pri:4, instance:com.apw.testCases.NavigateToMultiplePages@7d8995e]" started-at="2021-12-31T22:48:01 IST" name="navigateToHomePage" finished-at="2021-12-31T22:48:05 IST" duration-ms="4022" status="PASS">
          <reporter-output>
          </reporter-output>
        </test-method> <!-- navigateToHomePage -->
        <test-method is-config="true" signature="tearDown()[pri:0, instance:com.apw.testCases.NavigateToMultiplePages@7d8995e]" started-at="2021-12-31T22:48:05 IST" name="tearDown" finished-at="2021-12-31T22:48:05 IST" duration-ms="245" status="PASS">
          <reporter-output>
          </reporter-output>
        </test-method> <!-- tearDown -->
      </class> <!-- com.apw.testCases.NavigateToMultiplePages -->
      <class name="com.apw.testCases.AutomateWomenDressesSummerDressesListingPage">
        <test-method is-config="true" signature="setup(java.lang.String)[pri:0, instance:com.apw.testCases.AutomateWomenDressesSummerDressesListingPage@49e53c76]" started-at="2021-12-31T22:48:13 IST" name="setup" finished-at="2021-12-31T22:48:20 IST" duration-ms="6824" status="PASS">
          <params>
            <param index="0">
              <value>
                <![CDATA[chrome]]>
              </value>
            </param>
          </params>
          <reporter-output>
          </reporter-output>
        </test-method> <!-- setup -->
        <test-method signature="verifySorting()[pri:1, instance:com.apw.testCases.AutomateWomenDressesSummerDressesListingPage@49e53c76]" started-at="2021-12-31T22:48:20 IST" name="verifySorting" finished-at="2021-12-31T22:48:27 IST" duration-ms="7338" status="PASS">
          <reporter-output>
          </reporter-output>
        </test-method> <!-- verifySorting -->
        <test-method signature="verifyFilters()[pri:2, instance:com.apw.testCases.AutomateWomenDressesSummerDressesListingPage@49e53c76]" started-at="2021-12-31T22:48:27 IST" name="verifyFilters" finished-at="2021-12-31T22:48:35 IST" duration-ms="8220" status="FAIL">
          <exception class="java.lang.AssertionError">
            <message>
              <![CDATA[expected [true] but found [false]]]>
            </message>
            <full-stacktrace>
              <![CDATA[java.lang.AssertionError: expected [true] but found [false]
at org.testng.Assert.fail(Assert.java:99)
at org.testng.Assert.failNotEquals(Assert.java:1037)
at org.testng.Assert.assertTrue(Assert.java:45)
at org.testng.Assert.assertTrue(Assert.java:55)
at com.apw.testCases.AutomateWomenDressesSummerDressesListingPage.verifyFilters(AutomateWomenDressesSummerDressesListingPage.java:65)
at java.base/jdk.internal.reflect.NativeMethodAccessorImpl.invoke0(Native Method)
at java.base/jdk.internal.reflect.NativeMethodAccessorImpl.invoke(NativeMethodAccessorImpl.java:77)
at java.base/jdk.internal.reflect.DelegatingMethodAccessorImpl.invoke(DelegatingMethodAccessorImpl.java:43)
at java.base/java.lang.reflect.Method.invoke(Method.java:568)
at org.testng.internal.MethodInvocationHelper.invokeMethod(MethodInvocationHelper.java:133)
at org.testng.internal.TestInvoker.invokeMethod(TestInvoker.java:598)
at org.testng.internal.TestInvoker.invokeTestMethod(TestInvoker.java:173)
at org.testng.internal.MethodRunner.runInSequence(MethodRunner.java:46)
at org.testng.internal.TestInvoker$MethodInvocationAgent.invoke(TestInvoker.java:824)
at org.testng.internal.TestInvoker.invokeTestMethods(TestInvoker.java:146)
at org.testng.internal.TestMethodWorker.invokeTestMethods(TestMethodWorker.java:146)
at org.testng.internal.TestMethodWorker.run(TestMethodWorker.java:128)
at java.base/java.util.ArrayList.forEach(ArrayList.java:1511)
at org.testng.TestRunner.privateRun(TestRunner.java:794)
at org.testng.TestRunner.run(TestRunner.java:596)
at org.testng.SuiteRunner.runTest(SuiteRunner.java:377)
at org.testng.SuiteRunner.runSequentially(SuiteRunner.java:371)
at org.testng.SuiteRunner.privateRun(SuiteRunner.java:332)
at org.testng.SuiteRunner.run(SuiteRunner.java:276)
at org.testng.SuiteRunnerWorker.runSuite(SuiteRunnerWorker.java:53)
at org.testng.SuiteRunnerWorker.run(SuiteRunnerWorker.java:96)
at org.testng.TestNG.runSuitesSequentially(TestNG.java:1212)
at org.testng.TestNG.runSuitesLocally(TestNG.java:1134)
at org.testng.TestNG.runSuites(TestNG.java:1063)
at org.testng.TestNG.run(TestNG.java:1031)
at org.testng.remote.AbstractRemoteTestNG.run(AbstractRemoteTestNG.java:115)
at org.testng.remote.RemoteTestNG.initAndRun(RemoteTestNG.java:251)
at org.testng.remote.RemoteTestNG.main(RemoteTestNG.java:77)
]]>
            </full-stacktrace>
          </exception> <!-- java.lang.AssertionError -->
          <reporter-output>
          </reporter-output>
        </test-method> <!-- verifyFilters -->
        <test-method is-config="true" signature="tearDown()[pri:0, instance:com.apw.testCases.AutomateWomenDressesSummerDressesListingPage@49e53c76]" started-at="2021-12-31T22:48:35 IST" name="tearDown" finished-at="2021-12-31T22:48:35 IST" duration-ms="180" status="PASS">
          <reporter-output>
          </reporter-output>
        </test-method> <!-- tearDown -->
      </class> <!-- com.apw.testCases.AutomateWomenDressesSummerDressesListingPage -->
      <class name="com.apw.testCases.VerifyDefaultSortingResults">
        <test-method is-config="true" signature="setup(java.lang.String)[pri:0, instance:com.apw.testCases.VerifyDefaultSortingResults@351d00c0]" started-at="2021-12-31T22:48:35 IST" name="setup" finished-at="2021-12-31T22:48:42 IST" duration-ms="6402" status="PASS">
          <params>
            <param index="0">
              <value>
                <![CDATA[chrome]]>
              </value>
            </param>
          </params>
          <reporter-output>
          </reporter-output>
        </test-method> <!-- setup -->
        <test-method signature="verifyDefaultSortingResultsProductPrice()[pri:1, instance:com.apw.testCases.VerifyDefaultSortingResults@351d00c0]" started-at="2021-12-31T22:48:42 IST" name="verifyDefaultSortingResultsProductPrice" finished-at="2021-12-31T22:48:46 IST" duration-ms="4086" status="FAIL">
          <exception class="java.lang.AssertionError">
            <message>
              <![CDATA[expected [true] but found [false]]]>
            </message>
            <full-stacktrace>
              <![CDATA[java.lang.AssertionError: expected [true] but found [false]
at org.testng.Assert.fail(Assert.java:99)
at org.testng.Assert.failNotEquals(Assert.java:1037)
at org.testng.Assert.assertTrue(Assert.java:45)
at org.testng.Assert.assertTrue(Assert.java:55)
at com.apw.testCases.VerifyDefaultSortingResults.verifyDefaultSortingResultsProductPrice(VerifyDefaultSortingResults.java:56)
at java.base/jdk.internal.reflect.NativeMethodAccessorImpl.invoke0(Native Method)
at java.base/jdk.internal.reflect.NativeMethodAccessorImpl.invoke(NativeMethodAccessorImpl.java:77)
at java.base/jdk.internal.reflect.DelegatingMethodAccessorImpl.invoke(DelegatingMethodAccessorImpl.java:43)
at java.base/java.lang.reflect.Method.invoke(Method.java:568)
at org.testng.internal.MethodInvocationHelper.invokeMethod(MethodInvocationHelper.java:133)
at org.testng.internal.TestInvoker.invokeMethod(TestInvoker.java:598)
at org.testng.internal.TestInvoker.invokeTestMethod(TestInvoker.java:173)
at org.testng.internal.MethodRunner.runInSequence(MethodRunner.java:46)
at org.testng.internal.TestInvoker$MethodInvocationAgent.invoke(TestInvoker.java:824)
at org.testng.internal.TestInvoker.invokeTestMethods(TestInvoker.java:146)
at org.testng.internal.TestMethodWorker.invokeTestMethods(TestMethodWorker.java:146)
at org.testng.internal.TestMethodWorker.run(TestMethodWorker.java:128)
at java.base/java.util.ArrayList.forEach(ArrayList.java:1511)
at org.testng.TestRunner.privateRun(TestRunner.java:794)
at org.testng.TestRunner.run(TestRunner.java:596)
at org.testng.SuiteRunner.runTest(SuiteRunner.java:377)
at org.testng.SuiteRunner.runSequentially(SuiteRunner.java:371)
at org.testng.SuiteRunner.privateRun(SuiteRunner.java:332)
at org.testng.SuiteRunner.run(SuiteRunner.java:276)
at org.testng.SuiteRunnerWorker.runSuite(SuiteRunnerWorker.java:53)
at org.testng.SuiteRunnerWorker.run(SuiteRunnerWorker.java:96)
at org.testng.TestNG.runSuitesSequentially(TestNG.java:1212)
at org.testng.TestNG.runSuitesLocally(TestNG.java:1134)
at org.testng.TestNG.runSuites(TestNG.java:1063)
at org.testng.TestNG.run(TestNG.java:1031)
at org.testng.remote.AbstractRemoteTestNG.run(AbstractRemoteTestNG.java:115)
at org.testng.remote.RemoteTestNG.initAndRun(RemoteTestNG.java:251)
at org.testng.remote.RemoteTestNG.main(RemoteTestNG.java:77)
]]>
            </full-stacktrace>
          </exception> <!-- java.lang.AssertionError -->
          <reporter-output>
          </reporter-output>
        </test-method> <!-- verifyDefaultSortingResultsProductPrice -->
        <test-method signature="verifyDefaultSortingResultsProductName()[pri:2, instance:com.apw.testCases.VerifyDefaultSortingResults@351d00c0]" started-at="2021-12-31T22:48:46 IST" name="verifyDefaultSortingResultsProductName" finished-at="2021-12-31T22:48:48 IST" duration-ms="2377" status="FAIL">
          <exception class="java.lang.AssertionError">
            <message>
              <![CDATA[expected [true] but found [false]]]>
            </message>
            <full-stacktrace>
              <![CDATA[java.lang.AssertionError: expected [true] but found [false]
at org.testng.Assert.fail(Assert.java:99)
at org.testng.Assert.failNotEquals(Assert.java:1037)
at org.testng.Assert.assertTrue(Assert.java:45)
at org.testng.Assert.assertTrue(Assert.java:55)
at com.apw.testCases.VerifyDefaultSortingResults.verifyDefaultSortingResultsProductName(VerifyDefaultSortingResults.java:97)
at java.base/jdk.internal.reflect.NativeMethodAccessorImpl.invoke0(Native Method)
at java.base/jdk.internal.reflect.NativeMethodAccessorImpl.invoke(NativeMethodAccessorImpl.java:77)
at java.base/jdk.internal.reflect.DelegatingMethodAccessorImpl.invoke(DelegatingMethodAccessorImpl.java:43)
at java.base/java.lang.reflect.Method.invoke(Method.java:568)
at org.testng.internal.MethodInvocationHelper.invokeMethod(MethodInvocationHelper.java:133)
at org.testng.internal.TestInvoker.invokeMethod(TestInvoker.java:598)
at org.testng.internal.TestInvoker.invokeTestMethod(TestInvoker.java:173)
at org.testng.internal.MethodRunner.runInSequence(MethodRunner.java:46)
at org.testng.internal.TestInvoker$MethodInvocationAgent.invoke(TestInvoker.java:824)
at org.testng.internal.TestInvoker.invokeTestMethods(TestInvoker.java:146)
at org.testng.internal.TestMethodWorker.invokeTestMethods(TestMethodWorker.java:146)
at org.testng.internal.TestMethodWorker.run(TestMethodWorker.java:128)
at java.base/java.util.ArrayList.forEach(ArrayList.java:1511)
at org.testng.TestRunner.privateRun(TestRunner.java:794)
at org.testng.TestRunner.run(TestRunner.java:596)
at org.testng.SuiteRunner.runTest(SuiteRunner.java:377)
at org.testng.SuiteRunner.runSequentially(SuiteRunner.java:371)
at org.testng.SuiteRunner.privateRun(SuiteRunner.java:332)
at org.testng.SuiteRunner.run(SuiteRunner.java:276)
at org.testng.SuiteRunnerWorker.runSuite(SuiteRunnerWorker.java:53)
at org.testng.SuiteRunnerWorker.run(SuiteRunnerWorker.java:96)
at org.testng.TestNG.runSuitesSequentially(TestNG.java:1212)
at org.testng.TestNG.runSuitesLocally(TestNG.java:1134)
at org.testng.TestNG.runSuites(TestNG.java:1063)
at org.testng.TestNG.run(TestNG.java:1031)
at org.testng.remote.AbstractRemoteTestNG.run(AbstractRemoteTestNG.java:115)
at org.testng.remote.RemoteTestNG.initAndRun(RemoteTestNG.java:251)
at org.testng.remote.RemoteTestNG.main(RemoteTestNG.java:77)
]]>
            </full-stacktrace>
          </exception> <!-- java.lang.AssertionError -->
          <reporter-output>
          </reporter-output>
        </test-method> <!-- verifyDefaultSortingResultsProductName -->
        <test-method is-config="true" signature="tearDown()[pri:0, instance:com.apw.testCases.VerifyDefaultSortingResults@351d00c0]" started-at="2021-12-31T22:48:48 IST" name="tearDown" finished-at="2021-12-31T22:48:48 IST" duration-ms="142" status="PASS">
          <reporter-output>
          </reporter-output>
        </test-method> <!-- tearDown -->
      </class> <!-- com.apw.testCases.VerifyDefaultSortingResults -->
      <class name="com.apw.testCases.CheckoutJourney">
        <test-method is-config="true" signature="setup(java.lang.String)[pri:0, instance:com.apw.testCases.CheckoutJourney@2a3b5b47]" started-at="2021-12-31T22:48:48 IST" name="setup" finished-at="2021-12-31T22:48:55 IST" duration-ms="6769" status="PASS">
          <params>
            <param index="0">
              <value>
                <![CDATA[chrome]]>
              </value>
            </param>
          </params>
          <reporter-output>
          </reporter-output>
        </test-method> <!-- setup -->
        <test-method signature="checkoutJourney()[pri:0, instance:com.apw.testCases.CheckoutJourney@2a3b5b47]" started-at="2021-12-31T22:48:55 IST" name="checkoutJourney" finished-at="2021-12-31T22:49:23 IST" duration-ms="27808" status="PASS">
          <reporter-output>
          </reporter-output>
        </test-method> <!-- checkoutJourney -->
        <test-method is-config="true" signature="tearDown()[pri:0, instance:com.apw.testCases.CheckoutJourney@2a3b5b47]" started-at="2021-12-31T22:49:23 IST" name="tearDown" finished-at="2021-12-31T22:49:23 IST" duration-ms="170" status="PASS">
          <reporter-output>
          </reporter-output>
        </test-method> <!-- tearDown -->
      </class> <!-- com.apw.testCases.CheckoutJourney -->
      <class name="com.apw.testCases.VerificationOfHeaderAndFooter">
        <test-method is-config="true" signature="setup(java.lang.String)[pri:0, instance:com.apw.testCases.VerificationOfHeaderAndFooter@38d8f54a]" started-at="2021-12-31T22:48:05 IST" name="setup" finished-at="2021-12-31T22:48:12 IST" duration-ms="6926" status="PASS">
          <params>
            <param index="0">
              <value>
                <![CDATA[chrome]]>
              </value>
            </param>
          </params>
          <reporter-output>
          </reporter-output>
        </test-method> <!-- setup -->
        <test-method signature="homePageTitleVerification()[pri:1, instance:com.apw.testCases.VerificationOfHeaderAndFooter@38d8f54a]" started-at="2021-12-31T22:48:12 IST" name="homePageTitleVerification" finished-at="2021-12-31T22:48:12 IST" duration-ms="17" status="PASS">
          <reporter-output>
          </reporter-output>
        </test-method> <!-- homePageTitleVerification -->
        <test-method signature="homePageSignInBtnVerification()[pri:2, instance:com.apw.testCases.VerificationOfHeaderAndFooter@38d8f54a]" started-at="2021-12-31T22:48:12 IST" name="homePageSignInBtnVerification" finished-at="2021-12-31T22:48:12 IST" duration-ms="69" status="PASS">
          <reporter-output>
          </reporter-output>
        </test-method> <!-- homePageSignInBtnVerification -->
        <test-method signature="homePageHeaderLogoVerification()[pri:3, instance:com.apw.testCases.VerificationOfHeaderAndFooter@38d8f54a]" started-at="2021-12-31T22:48:12 IST" name="homePageHeaderLogoVerification" finished-at="2021-12-31T22:48:13 IST" duration-ms="53" status="PASS">
          <reporter-output>
          </reporter-output>
        </test-method> <!-- homePageHeaderLogoVerification -->
        <test-method signature="homePageNewsLetterTextVerification()[pri:4, instance:com.apw.testCases.VerificationOfHeaderAndFooter@38d8f54a]" started-at="2021-12-31T22:48:13 IST" name="homePageNewsLetterTextVerification" finished-at="2021-12-31T22:48:13 IST" duration-ms="48" status="PASS">
          <reporter-output>
          </reporter-output>
        </test-method> <!-- homePageNewsLetterTextVerification -->
        <test-method signature="homePageTwitterLogoVerification()[pri:5, instance:com.apw.testCases.VerificationOfHeaderAndFooter@38d8f54a]" started-at="2021-12-31T22:48:13 IST" name="homePageTwitterLogoVerification" finished-at="2021-12-31T22:48:13 IST" duration-ms="43" status="PASS">
          <reporter-output>
          </reporter-output>
        </test-method> <!-- homePageTwitterLogoVerification -->
        <test-method is-config="true" signature="tearDown()[pri:0, instance:com.apw.testCases.VerificationOfHeaderAndFooter@38d8f54a]" started-at="2021-12-31T22:48:13 IST" name="tearDown" finished-at="2021-12-31T22:48:13 IST" duration-ms="164" status="PASS">
          <reporter-output>
          </reporter-output>
        </test-method> <!-- tearDown -->
      </class> <!-- com.apw.testCases.VerificationOfHeaderAndFooter -->
    </test> <!-- Automation Test -->
  </suite> <!-- Automation Practice Website -->
</testng-results>
